ERROR 2026-01-03T16:28:56.790+00:00 ThreadId(14) [1P:op-settings/src/store/json_store.rs:82] Os { code: 2, kind: NotFound, message: "No such file or directory" }
INFO  2026-01-03T16:28:56.790+00:00 ThreadId(14) [1P:op-settings/src/store/json_store.rs:118] Settings file "/home/<redacted-username>/.config/1Password/settings/settings.json" missing, using defaults.
INFO  2026-01-03T16:28:56.796+00:00 ThreadId(14) [client:typescript] Client starting.
ERROR 2026-01-03T16:29:02.381+00:00 ThreadId(14) [1P:op-crash-reporting/src/crash_report.rs:156] Failed to load crash reports from disk: Os { code: 2, kind: NotFound, message: "No such file or directory" }
INFO  2026-01-03T16:29:02.390+00:00 ThreadId(14) [1P:op-localization/src/lib.rs:239] system locale detected as 'en-US'
INFO  2026-01-03T16:29:02.390+00:00 ThreadId(14) [1P:op-localization/src/lib.rs:265] selected translations for EN_US based on detected locale en-US
INFO  2026-01-03T16:29:02.390+00:00 ThreadId(14) [status:app/op-app/src/app.rs:1051] App::new(1Password for Linux/81122026 (EN_US), /home/<redacted-username>/.config/1Password)
INFO  2026-01-03T16:29:02.501+00:00 ThreadId(14) [1P:data/op-db/src/common/mod.rs:186] Core DB Integrity Check Succeeded
INFO  2026-01-03T16:29:02.501+00:00 ThreadId(14) [1P:data/op-db/src/core_db/db.rs:145] Starting Core DB at version: 0
INFO  2026-01-03T16:29:02.501+00:00 ThreadId(14) [1P:data/op-db/src/core_db/db.rs:163] Database is being created at '/home/<redacted-username>/.config/1Password/1password.sqlite' (sqlite: 3050002)
INFO  2026-01-03T16:29:02.559+00:00 ThreadId(14) [1P:data/op-db/src/core_db/db.rs:559] Updated DB Schema to version 001
INFO  2026-01-03T16:29:02.579+00:00 ThreadId(14) [1P:data/op-db/src/core_db/db.rs:598] Updated DB Schema to version 002
INFO  2026-01-03T16:29:02.602+00:00 ThreadId(14) [1P:data/op-db/src/core_db/db.rs:610] Updated DB Schema to version 003
INFO  2026-01-03T16:29:02.622+00:00 ThreadId(14) [1P:data/op-db/src/core_db/db.rs:626] Updated DB Schema to version 005
INFO  2026-01-03T16:29:02.641+00:00 ThreadId(14) [1P:data/op-db/src/core_db/db.rs:642] Updated DB Schema to version 006
INFO  2026-01-03T16:29:02.661+00:00 ThreadId(14) [1P:data/op-db/src/core_db/db.rs:656] Updated DB Schema to version 007
INFO  2026-01-03T16:29:02.681+00:00 ThreadId(14) [1P:data/op-db/src/core_db/db.rs:670] Updated DB Schema to version 008
INFO  2026-01-03T16:29:02.701+00:00 ThreadId(14) [1P:data/op-db/src/core_db/db.rs:684] Updated DB Schema to version 009
INFO  2026-01-03T16:29:02.721+00:00 ThreadId(14) [1P:data/op-db/src/core_db/db.rs:698] Updated DB Schema to version 011
INFO  2026-01-03T16:29:02.721+00:00 ThreadId(14) [1P:data/op-db/src/core_db/db.rs:713] Updated DB Schema to version 012
INFO  2026-01-03T16:29:02.740+00:00 ThreadId(14) [1P:data/op-db/src/core_db/db.rs:727] Updated DB Schema to version 013
INFO  2026-01-03T16:29:02.760+00:00 ThreadId(14) [1P:data/op-db/src/core_db/db.rs:741] Updated DB Schema to version 014
INFO  2026-01-03T16:29:02.764+00:00 ThreadId(14) [1P:data/op-db/src/core_db/db.rs:755] Updated DB Schema to version 015
INFO  2026-01-03T16:29:02.786+00:00 ThreadId(14) [1P:data/op-db/src/core_db/db.rs:769] Updated DB Schema to version 016
INFO  2026-01-03T16:29:02.809+00:00 ThreadId(14) [1P:data/op-db/src/core_db/db.rs:783] Updated DB Schema to version 017
INFO  2026-01-03T16:29:02.831+00:00 ThreadId(14) [1P:data/op-db/src/core_db/db.rs:797] Updated DB Schema to version 018
INFO  2026-01-03T16:29:02.851+00:00 ThreadId(14) [1P:data/op-db/src/core_db/db.rs:811] Updated DB Schema to version 019
INFO  2026-01-03T16:29:02.892+00:00 ThreadId(14) [1P:data/op-db/src/core_db/db.rs:928] Updated DB Schema to version 021
INFO  2026-01-03T16:29:02.913+00:00 ThreadId(14) [1P:data/op-db/src/core_db/db.rs:942] Updated DB Schema to version 022
INFO  2026-01-03T16:29:02.936+00:00 ThreadId(14) [1P:data/op-db/src/core_db/db.rs:956] Updated DB Schema to version 023
INFO  2026-01-03T16:29:02.957+00:00 ThreadId(14) [1P:data/op-db/src/core_db/db.rs:970] Updated DB Schema to version 024
INFO  2026-01-03T16:29:02.980+00:00 ThreadId(14) [1P:data/op-db/src/core_db/db.rs:984] Updated DB Schema to version 025
INFO  2026-01-03T16:29:02.991+00:00 1p-enable-crash-reporter(ThreadId(17)) [1P:op-crash-reporting/src/crash_handler.rs:276] Started crash handler thread
INFO  2026-01-03T16:29:03.000+00:00 ThreadId(14) [1P:data/op-db/src/core_db/db.rs:1100] Updated DB Schema to version 026
INFO  2026-01-03T16:29:03.020+00:00 ThreadId(14) [1P:data/op-db/src/core_db/db.rs:1114] Updated DB Schema to version 027
INFO  2026-01-03T16:29:03.043+00:00 ThreadId(14) [1P:data/op-db/src/core_db/db.rs:1128] Updated DB Schema to version 028
INFO  2026-01-03T16:29:03.064+00:00 ThreadId(14) [1P:data/op-db/src/core_db/db.rs:1142] Updated DB Schema to version 029
INFO  2026-01-03T16:29:03.084+00:00 ThreadId(14) [1P:data/op-db/src/core_db/db.rs:1156] Updated DB Schema to version 030
INFO  2026-01-03T16:29:03.104+00:00 ThreadId(14) [1P:data/op-db/src/core_db/db.rs:1169] Updated DB Schema to version 031
INFO  2026-01-03T16:29:03.124+00:00 ThreadId(14) [1P:data/op-db/src/core_db/db.rs:1182] Updated DB Schema to version 032
INFO  2026-01-03T16:29:03.146+00:00 ThreadId(14) [1P:data/op-db/src/core_db/db.rs:1195] Updated DB Schema to version 033
INFO  2026-01-03T16:29:03.169+00:00 ThreadId(14) [1P:data/op-db/src/core_db/db.rs:1208] Updated DB Schema to version 034
INFO  2026-01-03T16:29:03.189+00:00 ThreadId(14) [1P:data/op-db/src/core_db/db.rs:1221] Updated DB Schema to version 035
INFO  2026-01-03T16:29:03.209+00:00 ThreadId(14) [1P:data/op-db/src/core_db/db.rs:1234] Updated DB Schema to version 036
INFO  2026-01-03T16:29:03.228+00:00 ThreadId(14) [1P:data/op-db/src/core_db/db.rs:1247] Updated DB Schema to version 037
INFO  2026-01-03T16:29:03.248+00:00 ThreadId(14) [1P:data/op-db/src/core_db/db.rs:1260] Updated DB Schema to version 038
INFO  2026-01-03T16:29:03.269+00:00 ThreadId(14) [1P:data/op-db/src/core_db/db.rs:1272] Updated DB Schema to version 039
INFO  2026-01-03T16:29:03.288+00:00 ThreadId(14) [1P:data/op-db/src/core_db/db.rs:1285] Updated DB Schema to version 040
INFO  2026-01-03T16:29:03.307+00:00 ThreadId(14) [1P:data/op-db/src/core_db/db.rs:1298] Updated DB Schema to version 041
INFO  2026-01-03T16:29:03.327+00:00 ThreadId(14) [1P:data/op-db/src/core_db/db.rs:1311] Updated DB Schema to version 042
INFO  2026-01-03T16:29:03.348+00:00 ThreadId(14) [1P:data/op-db/src/core_db/db.rs:1324] Updated DB Schema to version 043
INFO  2026-01-03T16:29:03.373+00:00 ThreadId(14) [1P:data/op-db/src/core_db/db.rs:1340] Updated DB Schema to version 044
INFO  2026-01-03T16:29:03.392+00:00 ThreadId(14) [1P:data/op-db/src/core_db/db.rs:1353] Updated DB Schema to version 045
INFO  2026-01-03T16:29:03.413+00:00 ThreadId(14) [1P:data/op-db/src/core_db/db.rs:1366] Updated DB Schema to version 046
INFO  2026-01-03T16:29:03.433+00:00 ThreadId(14) [1P:data/op-db/src/core_db/db.rs:1379] Updated DB Schema to version 047
INFO  2026-01-03T16:29:03.434+00:00 ThreadId(14) [1P:data/op-db/src/common/mod.rs:155] Core DB Table Integrity Check Succeeded
INFO  2026-01-03T16:29:03.534+00:00 ThreadId(14) [1P:data/op-db/src/common/mod.rs:186] Resources DB Integrity Check Succeeded
INFO  2026-01-03T16:29:03.534+00:00 ThreadId(14) [1P:data/op-db/src/common/mod.rs:155] Resources DB Table Integrity Check Succeeded
INFO  2026-01-03T16:29:03.534+00:00 ThreadId(14) [1P:data/op-db/src/resources_db/db.rs:110] Starting Resources DB at version: 0
INFO  2026-01-03T16:29:03.534+00:00 ThreadId(14) [1P:data/op-db/src/resources_db/db.rs:122] Resources Database is being created at '/home/<redacted-username>/.config/1Password/1password_resources.sqlite' (sqlite: 3050002)
INFO  2026-01-03T16:29:03.594+00:00 ThreadId(14) [1P:data/op-db/src/resources_db/db.rs:220] Updated DB Schema to version 001
ERROR 2026-01-03T16:29:03.632+00:00 ThreadId(14) [1P:/mnt/ephemeral/builds/dev/core/core/ssh/op-ssh-config/src/lib.rs:251] Failed to start ssh config file watcher: Io(Os { code: 2, kind: NotFound, message: "No such file or directory" })
ERROR 2026-01-03T16:29:03.637+00:00 runtime-worker(ThreadId(1)) [1P:foundation/op-network-monitor/src/linux.rs:195] Failed to retrieve initial metering setting: MeteringQuery
INFO  2026-01-03T16:29:03.643+00:00 ThreadId(14) [1P:native-messaging/op-nm-installer/src/nix_utils.rs:48] Creating manifest directory for Chromium at /home/<redacted-username>/.config/google-chrome/NativeMessagingHosts
INFO  2026-01-03T16:29:03.643+00:00 ThreadId(14) [1P:native-messaging/op-nm-installer/src/nix_utils.rs:68] Created NMH manifest at /home/<redacted-username>/.config/google-chrome/NativeMessagingHosts/com.1password.1password.json
INFO  2026-01-03T16:29:03.643+00:00 ThreadId(14) [1P:native-messaging/op-nm-installer/src/nix_utils.rs:48] Creating manifest directory for Chromium at /home/<redacted-username>/.config/google-chrome-beta/NativeMessagingHosts
INFO  2026-01-03T16:29:03.643+00:00 ThreadId(14) [1P:native-messaging/op-nm-installer/src/nix_utils.rs:68] Created NMH manifest at /home/<redacted-username>/.config/google-chrome-beta/NativeMessagingHosts/com.1password.1password.json
INFO  2026-01-03T16:29:03.643+00:00 ThreadId(14) [1P:native-messaging/op-nm-installer/src/nix_utils.rs:48] Creating manifest directory for Chromium at /home/<redacted-username>/.config/google-chrome-unstable/NativeMessagingHosts
INFO  2026-01-03T16:29:03.643+00:00 ThreadId(14) [1P:native-messaging/op-nm-installer/src/nix_utils.rs:68] Created NMH manifest at /home/<redacted-username>/.config/google-chrome-unstable/NativeMessagingHosts/com.1password.1password.json
INFO  2026-01-03T16:29:03.644+00:00 ThreadId(14) [1P:native-messaging/op-nm-installer/src/nix_utils.rs:68] Created NMH manifest at /home/<redacted-username>/.config/chromium/NativeMessagingHosts/com.1password.1password.json
INFO  2026-01-03T16:29:03.644+00:00 ThreadId(14) [1P:native-messaging/op-nm-installer/src/nix_utils.rs:48] Creating manifest directory for Chromium at /home/<redacted-username>/.config/microsoft-edge-dev/NativeMessagingHosts
INFO  2026-01-03T16:29:03.644+00:00 ThreadId(14) [1P:native-messaging/op-nm-installer/src/nix_utils.rs:68] Created NMH manifest at /home/<redacted-username>/.config/microsoft-edge-dev/NativeMessagingHosts/com.1password.1password.json
INFO  2026-01-03T16:29:03.644+00:00 ThreadId(14) [1P:native-messaging/op-nm-installer/src/nix_utils.rs:48] Creating manifest directory for Chromium at /home/<redacted-username>/.config/BraveSoftware/Brave-Browser/NativeMessagingHosts
INFO  2026-01-03T16:29:03.644+00:00 ThreadId(14) [1P:native-messaging/op-nm-installer/src/nix_utils.rs:68] Created NMH manifest at /home/<redacted-username>/.config/BraveSoftware/Brave-Browser/NativeMessagingHosts/com.1password.1password.json
INFO  2026-01-03T16:29:03.644+00:00 ThreadId(14) [1P:native-messaging/op-nm-installer/src/nix_utils.rs:48] Creating manifest directory for Chromium at /home/<redacted-username>/.config/vivaldi/NativeMessagingHosts
INFO  2026-01-03T16:29:03.644+00:00 ThreadId(14) [1P:native-messaging/op-nm-installer/src/nix_utils.rs:68] Created NMH manifest at /home/<redacted-username>/.config/vivaldi/NativeMessagingHosts/com.1password.1password.json
INFO  2026-01-03T16:29:03.644+00:00 ThreadId(14) [1P:native-messaging/op-nm-installer/src/nix_utils.rs:48] Creating manifest directory for Chromium at /home/<redacted-username>/.config/vivaldi-snapshot/NativeMessagingHosts
INFO  2026-01-03T16:29:03.644+00:00 ThreadId(14) [1P:native-messaging/op-nm-installer/src/nix_utils.rs:68] Created NMH manifest at /home/<redacted-username>/.config/vivaldi-snapshot/NativeMessagingHosts/com.1password.1password.json
INFO  2026-01-03T16:29:03.645+00:00 ThreadId(14) [1P:native-messaging/op-nm-installer/src/nix_utils.rs:48] Creating manifest directory for Firefox at /home/<redacted-username>/.mozilla/native-messaging-hosts
INFO  2026-01-03T16:29:03.645+00:00 ThreadId(14) [1P:native-messaging/op-nm-installer/src/nix_utils.rs:68] Created NMH manifest at /home/<redacted-username>/.mozilla/native-messaging-hosts/com.1password.1password.json
INFO  2026-01-03T16:29:03.645+00:00 ThreadId(14) [1P:native-messaging/op-nm-installer/src/nix_utils.rs:83] Successfully installed all native messaging manifests.
INFO  2026-01-03T16:29:03.646+00:00 ThreadId(14) [1P:app/op-app/src/app.rs:1710] initializing Developer Environment mount handler
INFO  2026-01-03T16:29:03.647+00:00 runtime-worker(ThreadId(8)) [1P:native-messaging/op-nm-installer/src/nix_utils.rs:68] Created NMH manifest at /home/<redacted-username>/.config/google-chrome/NativeMessagingHosts/com.1password.1password.json
INFO  2026-01-03T16:29:03.647+00:00 runtime-worker(ThreadId(8)) [1P:native-messaging/op-nm-installer/src/nix_utils.rs:68] Created NMH manifest at /home/<redacted-username>/.config/google-chrome-beta/NativeMessagingHosts/com.1password.1password.json
INFO  2026-01-03T16:29:03.647+00:00 runtime-worker(ThreadId(8)) [1P:native-messaging/op-nm-installer/src/nix_utils.rs:68] Created NMH manifest at /home/<redacted-username>/.config/google-chrome-unstable/NativeMessagingHosts/com.1password.1password.json
INFO  2026-01-03T16:29:03.647+00:00 runtime-worker(ThreadId(6)) [1P:op-global-shortcuts/src/node.rs:38] Global shortcut registration is not available on this system.
INFO  2026-01-03T16:29:03.647+00:00 runtime-worker(ThreadId(10)) [1P:op-global-shortcuts/src/node.rs:38] Global shortcut registration is not available on this system.
INFO  2026-01-03T16:29:03.648+00:00 runtime-worker(ThreadId(8)) [1P:native-messaging/op-nm-installer/src/nix_utils.rs:68] Created NMH manifest at /home/<redacted-username>/.config/chromium/NativeMessagingHosts/com.1password.1password.json
INFO  2026-01-03T16:29:03.648+00:00 runtime-worker(ThreadId(8)) [1P:native-messaging/op-nm-installer/src/nix_utils.rs:68] Created NMH manifest at /home/<redacted-username>/.config/microsoft-edge-dev/NativeMessagingHosts/com.1password.1password.json
INFO  2026-01-03T16:29:03.648+00:00 runtime-worker(ThreadId(8)) [1P:native-messaging/op-nm-installer/src/nix_utils.rs:68] Created NMH manifest at /home/<redacted-username>/.config/BraveSoftware/Brave-Browser/NativeMessagingHosts/com.1password.1password.json
INFO  2026-01-03T16:29:03.648+00:00 runtime-worker(ThreadId(8)) [1P:native-messaging/op-nm-installer/src/nix_utils.rs:68] Created NMH manifest at /home/<redacted-username>/.config/vivaldi/NativeMessagingHosts/com.1password.1password.json
INFO  2026-01-03T16:29:03.648+00:00 runtime-worker(ThreadId(8)) [1P:native-messaging/op-nm-installer/src/nix_utils.rs:68] Created NMH manifest at /home/<redacted-username>/.config/vivaldi-snapshot/NativeMessagingHosts/com.1password.1password.json
INFO  2026-01-03T16:29:03.649+00:00 runtime-worker(ThreadId(8)) [1P:native-messaging/op-nm-installer/src/nix_utils.rs:68] Created NMH manifest at /home/<redacted-username>/.mozilla/native-messaging-hosts/com.1password.1password.json
INFO  2026-01-03T16:29:03.649+00:00 runtime-worker(ThreadId(8)) [1P:native-messaging/op-nm-installer/src/nix_utils.rs:83] Successfully installed all native messaging manifests.
INFO  2026-01-03T16:29:03.652+00:00 runtime-worker(ThreadId(8)) [1P:app/op-app-common/src/unlocked_session_keepalive.rs:70] Starting unlocked session keepalive
ERROR 2026-01-03T16:29:03.661+00:00 runtime-worker(ThreadId(8)) [1P:native-messaging/op-native-core-integration/src/lib.rs:762] Listener on SETTING_STATUS has been dropped, unable to communicate changes made to browser SLS setting
INFO  2026-01-03T16:29:03.661+00:00 runtime-worker(ThreadId(9)) [1P:native-messaging/op-native-core-integration/src/lib.rs:568] Starting IPC listener on 1Password-BrowserSupport
ERROR 2026-01-03T16:29:03.661+00:00 ThreadId(14) [1P:ffi/op-core-node/src/lib.rs:559] Io(Os { code: 2, kind: NotFound, message: "No such file or directory" })
INFO  2026-01-03T16:29:03.662+00:00 runtime-worker(ThreadId(9)) [1P:native-messaging/op-native-core-integration/src/lib.rs:580] Active native core integration is awaiting messages
INFO  2026-01-03T16:29:03.666+00:00 runtime-worker(ThreadId(6)) [1P:ssh/op-agent-controller/src/lib.rs:584] Starting filesystem watcher for SSH agent configuration directories...
ERROR 2026-01-03T16:29:03.670+00:00 runtime-worker(ThreadId(6)) [1P:/mnt/ephemeral/builds/dev/core/core/ssh/op-agent-controller/src/lib.rs:585] Io(Os { code: 2, kind: NotFound, message: "No such file or directory" })
ERROR 2026-01-03T16:29:03.814+00:00 ThreadId(14) [client:typescript] Could not load window state.
INFO  2026-01-03T16:29:04.035+00:00 runtime-worker(ThreadId(9)) [1P:op-b5-client/src/b5_client/features/mod.rs:381] Using feature-rollout-service for pre-registration features.
INFO  2026-01-03T16:29:13.709+00:00 runtime-worker(ThreadId(8)) [1P:app/op-app/src/app/backend/frontend.rs:22] Front end event: window closed
ERROR 2026-01-03T17:12:10.083+00:00 ThreadId(14) [1P:op-crash-reporting/src/crash_handler.rs:257] Failed to prepare for requesting dump
